<?xml version="1.0" encoding="utf-8"?><testsuites><testsuite name="pytest" errors="0" failures="0" skipped="2" tests="29" time="17.465" timestamp="2024-03-26T00:58:09.226888" hostname="Andrews-MacBook-Pro-2.local"><testcase classname="interop.tests.test_components" name="test_components[ComponentGeneric]" time="0.002" /><testcase classname="interop.tests.test_components" name="test_components[ComponentRay]" time="0.001" /><testcase classname="interop.tests.test_components" name="test_component_hints_fail" time="0.001" /><testcase classname="interop.tests.test_components" name="test_component_valid_fail" time="0.001" /><testcase classname="interop.tests.test_components" name="test_func_hints" time="0.001" /><testcase classname="interop.tests.test_components" name="test_func_nohints" time="0.001" /><testcase classname="interop.tests.test_components" name="test_class_hints" time="0.001" /><testcase classname="interop.tests.test_components" name="test_class_nohints" time="0.001" /><testcase classname="interop.tests.test_components" name="test_class_raise" time="0.001" /><testcase classname="interop.tests.test_data" name="test_data_basic" time="0.002" /><testcase classname="interop.tests.test_data" name="test_data_serialize" time="0.000" /><testcase classname="interop.tests.test_execute" name="test_noinput[command0]" time="0.010" /><testcase classname="interop.tests.test_execute" name="test_noinput[command1]" time="0.047" /><testcase classname="interop.tests.test_execute" name="test_io" time="0.000"><skipped type="pytest.skip" message="TBD">/Users/anabiman/Desktop/Donaldson/interop/interop/tests/test_execute.py:17: TBD</skipped></testcase><testcase classname="interop.tests.test_misc" name="test_symmetry" time="0.001" /><testcase classname="interop.tests.test_misc" name="test_call_method" time="0.057" /><testcase classname="interop.tests.test_parallel" name="test_starmap_async[True]" time="0.001" /><testcase classname="interop.tests.test_parallel" name="test_starmap_async[False]" time="0.991" /><testcase classname="interop.tests.test_ray" name="test_remote_execute" time="5.696" /><testcase classname="interop.tests.test_ray" name="test_valid[18.57.86.13-IPv4]" time="0.001" /><testcase classname="interop.tests.test_ray" name="test_valid[83ba:312f:ef51:6865:bbab:7658:3902:e8d7-IPv6]" time="0.001" /><testcase classname="interop.tests.test_ray" name="test_valid[1.0-Invalid]" time="0.001" /><testcase classname="interop.tests.test_ray" name="test_slurm_fail" time="0.001" /><testcase classname="interop.tests.test_ray" name="test_port" time="0.000"><skipped type="pytest.skip" message="Port detection supported only on Linux">/Users/anabiman/Desktop/Donaldson/interop/interop/tests/test_ray.py:63: Port detection supported only on Linux</skipped></testcase><testcase classname="interop.tests.test_ray" name="test_initialize_ray[None-None]" time="4.636" /><testcase classname="interop.tests.test_ray" name="test_initialize_ray[Logger-exec_req1]" time="4.752" /><testcase classname="interop.tests.test_req" name="test_req" time="0.001" /><testcase classname="interop.tests.test_sanity" name="test_version" time="0.000" /><testcase classname="interop.tests.test_sanity" name="test_import" time="0.000" /></testsuite></testsuites>